[2023-11-27 14:54:41,174] INFO Logging turned on 20
[2023-11-27 14:54:41,192] DEBUG Added class-user 1AM sucessfully
[2023-11-27 14:54:41,192] DEBUG Added class-user 1BM sucessfully
[2023-11-27 14:54:41,193] DEBUG Added class-user 1CM sucessfully
[2023-11-27 14:54:41,193] DEBUG Added class-user 2AM sucessfully
[2023-11-27 14:54:41,194] DEBUG Added class-user 2BM sucessfully
[2023-11-27 14:54:41,194] DEBUG Added class-user 2CM sucessfully
[2023-11-27 14:54:41,195] DEBUG Added class-user 3AM sucessfully
[2023-11-27 14:54:41,196] DEBUG Added class-user 3BM sucessfully
[2023-11-27 14:54:41,196] DEBUG Added class-user 3CM sucessfully
[2023-11-27 14:54:41,197] DEBUG Added class-user 4AM sucessfully
[2023-11-27 14:54:41,197] DEBUG Added class-user 4BM sucessfully
[2023-11-27 14:54:41,198] DEBUG Added class-user 4CM sucessfully
[2023-11-27 14:54:41,199] DEBUG Added class-user 5AM sucessfully
[2023-11-27 14:54:41,200] DEBUG Added class-user 5BM sucessfully
[2023-11-27 14:54:41,201] DEBUG Added class-user 5CM sucessfully
[2023-11-27 14:54:41,201] DEBUG Added class-user 1AF sucessfully
[2023-11-27 14:54:41,202] DEBUG Added class-user 1BF sucessfully
[2023-11-27 14:54:41,203] DEBUG Added class-user 1CF sucessfully
[2023-11-27 14:54:41,203] DEBUG Added class-user 2AF sucessfully
[2023-11-27 14:54:41,204] DEBUG Added class-user 2BF sucessfully
[2023-11-27 14:54:41,205] DEBUG Added class-user 3AFI sucessfully
[2023-11-27 14:54:41,206] DEBUG Added class-user 3BFN sucessfully
[2023-11-27 14:54:41,206] DEBUG Added class-user 4AFI sucessfully
[2023-11-27 14:54:41,207] DEBUG Added class-user 4BFN sucessfully
[2023-11-27 14:54:41,207] DEBUG Added class-user 1AI sucessfully
[2023-11-27 14:54:41,208] DEBUG Added class-user 1BI sucessfully
[2023-11-27 14:54:41,208] DEBUG Added class-user 1CI sucessfully
[2023-11-27 14:54:41,209] DEBUG Added class-user 2AI sucessfully
[2023-11-27 14:54:41,209] DEBUG Added class-user 2BI sucessfully
[2023-11-27 14:54:41,210] DEBUG Added class-user 2CI sucessfully
[2023-11-27 14:54:41,210] DEBUG Added class-user 3AI sucessfully
[2023-11-27 14:54:41,210] DEBUG Added class-user 3BI sucessfully
[2023-11-27 14:54:41,211] DEBUG Added class-user 3CI sucessfully
[2023-11-27 14:54:41,211] DEBUG Added class-user 4AI sucessfully
[2023-11-27 14:54:41,212] DEBUG Added class-user 4BI sucessfully
[2023-11-27 14:54:41,212] DEBUG Added class-user 4CN sucessfully
[2023-11-27 14:54:41,213] DEBUG Added class-user 5AX sucessfully
[2023-11-27 14:54:41,213] DEBUG Added class-user 5BI sucessfully
[2023-11-27 14:54:41,213] DEBUG Added class-user 5CN sucessfully
[2023-11-27 14:54:41,214] DEBUG Added class-user 1AO sucessfully
[2023-11-27 14:54:41,215] DEBUG Added class-user lehrer sucessfully
[2023-11-27 14:54:41,215] DEBUG Added class-user seminar sucessfully
[2023-11-27 14:54:41,216] INFO Added classes successfully.
[2023-11-27 15:40:29,207] INFO Logging turned on 20
[2023-11-27 15:40:29,219] DEBUG Added class-user 1AM sucessfully
[2023-11-27 15:40:29,220] DEBUG Added class-user 1BM sucessfully
[2023-11-27 15:40:29,220] DEBUG Added class-user 1CM sucessfully
[2023-11-27 15:40:29,221] DEBUG Added class-user 2AM sucessfully
[2023-11-27 15:40:29,221] DEBUG Added class-user 2BM sucessfully
[2023-11-27 15:40:29,221] DEBUG Added class-user 2CM sucessfully
[2023-11-27 15:40:29,222] DEBUG Added class-user 3AM sucessfully
[2023-11-27 15:40:29,222] DEBUG Added class-user 3BM sucessfully
[2023-11-27 15:40:29,222] DEBUG Added class-user 3CM sucessfully
[2023-11-27 15:40:29,222] DEBUG Added class-user 4AM sucessfully
[2023-11-27 15:40:29,223] DEBUG Added class-user 4BM sucessfully
[2023-11-27 15:40:29,223] DEBUG Added class-user 4CM sucessfully
[2023-11-27 15:40:29,224] DEBUG Added class-user 5AM sucessfully
[2023-11-27 15:40:29,224] DEBUG Added class-user 5BM sucessfully
[2023-11-27 15:40:29,224] DEBUG Added class-user 5CM sucessfully
[2023-11-27 15:40:29,224] DEBUG Added class-user 1AF sucessfully
[2023-11-27 15:40:29,225] DEBUG Added class-user 1BF sucessfully
[2023-11-27 15:40:29,225] DEBUG Added class-user 1CF sucessfully
[2023-11-27 15:40:29,225] DEBUG Added class-user 2AF sucessfully
[2023-11-27 15:40:29,226] DEBUG Added class-user 2BF sucessfully
[2023-11-27 15:40:29,226] DEBUG Added class-user 3AFI sucessfully
[2023-11-27 15:40:29,226] DEBUG Added class-user 3BFN sucessfully
[2023-11-27 15:40:29,227] DEBUG Added class-user 4AFI sucessfully
[2023-11-27 15:40:29,227] DEBUG Added class-user 4BFN sucessfully
[2023-11-27 15:40:29,227] DEBUG Added class-user 1AI sucessfully
[2023-11-27 15:40:29,228] DEBUG Added class-user 1BI sucessfully
[2023-11-27 15:40:29,228] DEBUG Added class-user 1CI sucessfully
[2023-11-27 15:40:29,228] DEBUG Added class-user 2AI sucessfully
[2023-11-27 15:40:29,229] DEBUG Added class-user 2BI sucessfully
[2023-11-27 15:40:29,229] DEBUG Added class-user 2CI sucessfully
[2023-11-27 15:40:29,230] DEBUG Added class-user 3AI sucessfully
[2023-11-27 15:40:29,230] DEBUG Added class-user 3BI sucessfully
[2023-11-27 15:40:29,231] DEBUG Added class-user 3CI sucessfully
[2023-11-27 15:40:29,232] DEBUG Added class-user 4AI sucessfully
[2023-11-27 15:40:29,232] DEBUG Added class-user 4BI sucessfully
[2023-11-27 15:40:29,233] DEBUG Added class-user 4CN sucessfully
[2023-11-27 15:40:29,233] DEBUG Added class-user 5AX sucessfully
[2023-11-27 15:40:29,233] DEBUG Added class-user 5BI sucessfully
[2023-11-27 15:40:29,234] DEBUG Added class-user 5CN sucessfully
[2023-11-27 15:40:29,234] DEBUG Added class-user 1AO sucessfully
[2023-11-27 15:40:29,235] DEBUG Added class-user lehrer sucessfully
[2023-11-27 15:40:29,235] DEBUG Added class-user seminar sucessfully
[2023-11-27 15:40:29,235] INFO Added classes successfully.
[2023-11-27 16:04:09,980] INFO Logging turned on 20
[2023-11-27 16:04:10,016] DEBUG Added class-user 1AM sucessfully
[2023-11-27 16:04:10,018] DEBUG Added class-user 1BM sucessfully
[2023-11-27 16:04:10,019] DEBUG Added class-user 1CM sucessfully
[2023-11-27 16:04:10,020] DEBUG Added class-user 2AM sucessfully
[2023-11-27 16:04:10,021] DEBUG Added class-user 2BM sucessfully
[2023-11-27 16:04:10,023] DEBUG Added class-user 2CM sucessfully
[2023-11-27 16:04:10,024] DEBUG Added class-user 3AM sucessfully
[2023-11-27 16:04:10,025] DEBUG Added class-user 3BM sucessfully
[2023-11-27 16:04:10,027] DEBUG Added class-user 3CM sucessfully
[2023-11-27 16:04:10,028] DEBUG Added class-user 4AM sucessfully
[2023-11-27 16:04:10,030] DEBUG Added class-user 4BM sucessfully
[2023-11-27 16:04:10,031] DEBUG Added class-user 4CM sucessfully
[2023-11-27 16:04:10,032] DEBUG Added class-user 5AM sucessfully
[2023-11-27 16:04:10,033] DEBUG Added class-user 5BM sucessfully
[2023-11-27 16:04:10,034] DEBUG Added class-user 5CM sucessfully
[2023-11-27 16:04:10,035] DEBUG Added class-user 1AF sucessfully
[2023-11-27 16:04:10,036] DEBUG Added class-user 1BF sucessfully
[2023-11-27 16:04:10,038] DEBUG Added class-user 1CF sucessfully
[2023-11-27 16:04:10,039] DEBUG Added class-user 2AF sucessfully
[2023-11-27 16:04:10,040] DEBUG Added class-user 2BF sucessfully
[2023-11-27 16:04:10,041] DEBUG Added class-user 3AFI sucessfully
[2023-11-27 16:04:10,042] DEBUG Added class-user 3BFN sucessfully
[2023-11-27 16:04:10,043] DEBUG Added class-user 4AFI sucessfully
[2023-11-27 16:04:10,044] DEBUG Added class-user 4BFN sucessfully
[2023-11-27 16:04:10,045] DEBUG Added class-user 1AI sucessfully
[2023-11-27 16:04:10,047] DEBUG Added class-user 1BI sucessfully
[2023-11-27 16:04:10,049] DEBUG Added class-user 1CI sucessfully
[2023-11-27 16:04:10,050] DEBUG Added class-user 2AI sucessfully
[2023-11-27 16:04:10,051] DEBUG Added class-user 2BI sucessfully
[2023-11-27 16:04:10,052] DEBUG Added class-user 2CI sucessfully
[2023-11-27 16:04:10,053] DEBUG Added class-user 3AI sucessfully
[2023-11-27 16:04:10,054] DEBUG Added class-user 3BI sucessfully
[2023-11-27 16:04:10,055] DEBUG Added class-user 3CI sucessfully
[2023-11-27 16:04:10,056] DEBUG Added class-user 4AI sucessfully
[2023-11-27 16:04:10,058] DEBUG Added class-user 4BI sucessfully
[2023-11-27 16:04:10,059] DEBUG Added class-user 4CN sucessfully
[2023-11-27 16:04:10,061] DEBUG Added class-user 5AX sucessfully
[2023-11-27 16:04:10,062] DEBUG Added class-user 5BI sucessfully
[2023-11-27 16:04:10,063] DEBUG Added class-user 5CN sucessfully
[2023-11-27 16:04:10,064] DEBUG Added class-user 1AO sucessfully
[2023-11-27 16:04:10,066] DEBUG Added class-user lehrer sucessfully
[2023-11-27 16:04:10,067] DEBUG Added class-user seminar sucessfully
[2023-11-27 16:04:10,069] INFO Added classes successfully.
